08/09/2023 19:29:09 | T None | Loaded sound_effects folder
08/09/2023 19:29:09 | T None | --------------------------------------- NEW / REBOOTED ----------------------------------------
08/09/2023 19:29:09 | T None | Loaded radio.json
08/09/2023 19:29:09 | T None | Loaded languages.json
08/09/2023 19:29:09 | T None | Discord API initialized
08/09/2023 19:29:09 | T None | Spotify API initialized
08/09/2023 19:29:09 | T None | SoundCloud API initialized
08/09/2023 19:29:09 | T None | Loaded guilds.json
08/09/2023 19:29:09 | T None | IPC server is running on 127.0.0.1:5421
08/09/2023 19:29:12 | T None | Trying to sync commands
08/09/2023 19:29:13 | T None | Synced slash commands for Testing Bot#3465
08/09/2023 19:29:13 | T None | Logged in as:
Testing Bot
1009574748302356581
08/09/2023 19:29:13 | T None | Discovered a New guild: 892403162315644928 = pog -> Added to guilds.json
08/09/2023 19:29:13 | T None | Discovered a New guild: 892404682285256735 = Jebáci pri práci -> Added to guilds.json
08/09/2023 19:29:13 | T None | Discovered a New guild: 1008145667622969397 = Tomer27cz's server -> Added to guilds.json
08/09/2023 19:29:13 | T None | Discovered a New guild: 1092205538202353764 = The Next Level -> Added to guilds.json
08/09/2023 19:29:13 | T None | Discovered a New guild: 1092207263843880983 = блять -> Added to guilds.json
08/09/2023 19:29:13 | T None | Discovered a New guild: 1092212185553449023 = F1 connoisseurs -> Added to guilds.json
08/09/2023 19:30:08 | I 127.0.0.1 | Requested: /index
